[ pid=3782 thr=0x100766000 file=ext/nginx/HelperAgent.cpp:567 time=2011-03-17 21:36:21.772 ]: Couldn't forward the HTTP response back to the HTTP client: It seems the user clicked on the 'Stop' button in his browser.
#<UserSession: no credentials provided>
Loaded suite Rack: /Users/romainbourgois/Documents/rails/stAugustin
Started

Finished in 0.000107 seconds.

[32m0 tests, 0 assertions, 0 failures, 0 errors[0m
[ pid=754 thr=0x100766000 file=ext/nginx/HelperAgent.cpp:567 time=2011-03-19 12:18:31.939 ]: Couldn't forward the HTTP response back to the HTTP client: It seems the user clicked on the 'Stop' button in his browser.
[ pid=754 thr=0x100732000 file=ext/nginx/HelperAgent.cpp:567 time=2011-03-19 12:18:32.2 ]: Couldn't forward the HTTP response back to the HTTP client: It seems the user clicked on the 'Stop' button in his browser.
[ pid=754 thr=0x10079a000 file=ext/nginx/HelperAgent.cpp:567 time=2011-03-19 12:18:32.43 ]: Couldn't forward the HTTP response back to the HTTP client: It seems the user clicked on the 'Stop' button in his browser.
Loaded suite Rack: /Users/romainbourgois/Documents/rails/stAugustin
Started

Finished in 0.00014 seconds.

[32m0 tests, 0 assertions, 0 failures, 0 errors[0m
Loaded suite Rack: /Users/romainbourgois/Documents/rails/stAugustin
Started

Finished in 0.000152 seconds.

[32m0 tests, 0 assertions, 0 failures, 0 errors[0m
[ pid=754 thr=0x101832000 file=ext/nginx/HelperAgent.cpp:567 time=2011-03-19 12:37:10.457 ]: Couldn't forward the HTTP response back to the HTTP client: It seems the user clicked on the 'Stop' button in his browser.
Loaded suite Rack: /Users/romainbourgois/Documents/rails/stAugustin
Started

Finished in 0.000144 seconds.

[32m0 tests, 0 assertions, 0 failures, 0 errors[0m
